{"uuid":"3bbc587c-33fd-4df8-9fff-e13d019b8efd","historyId":"2c35893e6d36700842eb00c5855dd14b","fullName":"sanity.SaucedemoWeb.test03_VerifyProductList","labels":[{"name":"package","value":"sanity.SaucedemoWeb"},{"name":"testClass","value":"sanity.SaucedemoWeb"},{"name":"testMethod","value":"test03_VerifyProductList"},{"name":"parentSuite","value":"Default Suite"},{"name":"suite","value":"MyFinalProject"},{"name":"subSuite","value":"sanity.SaucedemoWeb"},{"name":"host","value":"LAPTOP-US9BPS3T"},{"name":"thread","value":"8284@LAPTOP-US9BPS3T.main(1)"},{"name":"framework","value":"testng"},{"name":"language","value":"java"}],"links":[],"name":"Test03 - Verifies Amount of Products","status":"failed","statusDetails":{"known":false,"muted":false,"flaky":false,"message":"expected [8] but found [6]","trace":"java.lang.AssertionError: expected [8] but found [6]\r\n\tat org.testng.Assert.fail(Assert.java:99)\r\n\tat org.testng.Assert.failNotEquals(Assert.java:1037)\r\n\tat org.testng.Assert.assertEqualsImpl(Assert.java:140)\r\n\tat org.testng.Assert.assertEquals(Assert.java:122)\r\n\tat org.testng.Assert.assertEquals(Assert.java:907)\r\n\tat org.testng.Assert.assertEquals(Assert.java:917)\r\n\tat extensions.Verifications.verifyNumberOfElements(Verifications.java:26)\r\n\tat sanity.SaucedemoWeb.test03_VerifyProductList(SaucedemoWeb.java:35)\r\n\tat java.base/jdk.internal.reflect.NativeMethodAccessorImpl.invoke0(Native Method)\r\n\tat java.base/jdk.internal.reflect.NativeMethodAccessorImpl.invoke(NativeMethodAccessorImpl.java:77)\r\n\tat java.base/jdk.internal.reflect.DelegatingMethodAccessorImpl.invoke(DelegatingMethodAccessorImpl.java:43)\r\n\tat java.base/java.lang.reflect.Method.invoke(Method.java:568)\r\n\tat org.testng.internal.MethodInvocationHelper.invokeMethod(MethodInvocationHelper.java:133)\r\n\tat org.testng.internal.TestInvoker.invokeMethod(TestInvoker.java:598)\r\n\tat org.testng.internal.TestInvoker.invokeTestMethod(TestInvoker.java:173)\r\n\tat org.testng.internal.MethodRunner.runInSequence(MethodRunner.java:46)\r\n\tat org.testng.internal.TestInvoker$MethodInvocationAgent.invoke(TestInvoker.java:824)\r\n\tat org.testng.internal.TestInvoker.invokeTestMethods(TestInvoker.java:146)\r\n\tat org.testng.internal.TestMethodWorker.invokeTestMethods(TestMethodWorker.java:146)\r\n\tat org.testng.internal.TestMethodWorker.run(TestMethodWorker.java:128)\r\n\tat java.base/java.util.ArrayList.forEach(ArrayList.java:1511)\r\n\tat org.testng.TestRunner.privateRun(TestRunner.java:794)\r\n\tat org.testng.TestRunner.run(TestRunner.java:596)\r\n\tat org.testng.SuiteRunner.runTest(SuiteRunner.java:377)\r\n\tat org.testng.SuiteRunner.runSequentially(SuiteRunner.java:371)\r\n\tat org.testng.SuiteRunner.privateRun(SuiteRunner.java:332)\r\n\tat org.testng.SuiteRunner.run(SuiteRunner.java:276)\r\n\tat org.testng.SuiteRunnerWorker.runSuite(SuiteRunnerWorker.java:53)\r\n\tat org.testng.SuiteRunnerWorker.run(SuiteRunnerWorker.java:96)\r\n\tat org.testng.TestNG.runSuitesSequentially(TestNG.java:1212)\r\n\tat org.testng.TestNG.runSuitesLocally(TestNG.java:1134)\r\n\tat org.testng.TestNG.runSuites(TestNG.java:1063)\r\n\tat org.testng.TestNG.run(TestNG.java:1031)\r\n\tat com.intellij.rt.testng.IDEARemoteTestNG.run(IDEARemoteTestNG.java:66)\r\n\tat com.intellij.rt.testng.RemoteTestNGStarter.main(RemoteTestNGStarter.java:109)\r\n"},"stage":"finished","description":"This test verifies amount of products in product list","steps":[{"name":"Verify Number of Elements","status":"failed","statusDetails":{"known":false,"muted":false,"flaky":false,"message":"expected [8] but found [6]","trace":"java.lang.AssertionError: expected [8] but found [6]\r\n\tat org.testng.Assert.fail(Assert.java:99)\r\n\tat org.testng.Assert.failNotEquals(Assert.java:1037)\r\n\tat org.testng.Assert.assertEqualsImpl(Assert.java:140)\r\n\tat org.testng.Assert.assertEquals(Assert.java:122)\r\n\tat org.testng.Assert.assertEquals(Assert.java:907)\r\n\tat org.testng.Assert.assertEquals(Assert.java:917)\r\n\tat extensions.Verifications.verifyNumberOfElements(Verifications.java:26)\r\n\tat sanity.SaucedemoWeb.test03_VerifyProductList(SaucedemoWeb.java:35)\r\n\tat java.base/jdk.internal.reflect.NativeMethodAccessorImpl.invoke0(Native Method)\r\n\tat java.base/jdk.internal.reflect.NativeMethodAccessorImpl.invoke(NativeMethodAccessorImpl.java:77)\r\n\tat java.base/jdk.internal.reflect.DelegatingMethodAccessorImpl.invoke(DelegatingMethodAccessorImpl.java:43)\r\n\tat java.base/java.lang.reflect.Method.invoke(Method.java:568)\r\n\tat org.testng.internal.MethodInvocationHelper.invokeMethod(MethodInvocationHelper.java:133)\r\n\tat org.testng.internal.TestInvoker.invokeMethod(TestInvoker.java:598)\r\n\tat org.testng.internal.TestInvoker.invokeTestMethod(TestInvoker.java:173)\r\n\tat org.testng.internal.MethodRunner.runInSequence(MethodRunner.java:46)\r\n\tat org.testng.internal.TestInvoker$MethodInvocationAgent.invoke(TestInvoker.java:824)\r\n\tat org.testng.internal.TestInvoker.invokeTestMethods(TestInvoker.java:146)\r\n\tat org.testng.internal.TestMethodWorker.invokeTestMethods(TestMethodWorker.java:146)\r\n\tat org.testng.internal.TestMethodWorker.run(TestMethodWorker.java:128)\r\n\tat java.base/java.util.ArrayList.forEach(ArrayList.java:1511)\r\n\tat org.testng.TestRunner.privateRun(TestRunner.java:794)\r\n\tat org.testng.TestRunner.run(TestRunner.java:596)\r\n\tat org.testng.SuiteRunner.runTest(SuiteRunner.java:377)\r\n\tat org.testng.SuiteRunner.runSequentially(SuiteRunner.java:371)\r\n\tat org.testng.SuiteRunner.privateRun(SuiteRunner.java:332)\r\n\tat org.testng.SuiteRunner.run(SuiteRunner.java:276)\r\n\tat org.testng.SuiteRunnerWorker.runSuite(SuiteRunnerWorker.java:53)\r\n\tat org.testng.SuiteRunnerWorker.run(SuiteRunnerWorker.java:96)\r\n\tat org.testng.TestNG.runSuitesSequentially(TestNG.java:1212)\r\n\tat org.testng.TestNG.runSuitesLocally(TestNG.java:1134)\r\n\tat org.testng.TestNG.runSuites(TestNG.java:1063)\r\n\tat org.testng.TestNG.run(TestNG.java:1031)\r\n\tat com.intellij.rt.testng.IDEARemoteTestNG.run(IDEARemoteTestNG.java:66)\r\n\tat com.intellij.rt.testng.RemoteTestNGStarter.main(RemoteTestNGStarter.java:109)\r\n"},"stage":"finished","steps":[],"attachments":[],"parameters":[{"name":"list","value":"[[[ChromeDriver: chrome on WINDOWS (1630b048ec37049f3a5c2c81dbb0405b)] -> xpath: //div [@class='inventory_item']], [[ChromeDriver: chrome on WINDOWS (1630b048ec37049f3a5c2c81dbb0405b)] -> xpath: //div [@class='inventory_item']], [[ChromeDriver: chrome on WINDOWS (1630b048ec37049f3a5c2c81dbb0405b)] -> xpath: //div [@class='inventory_item']], [[ChromeDriver: chrome on WINDOWS (1630b048ec37049f3a5c2c81dbb0405b)] -> xpath: //div [@class='inventory_item']], [[ChromeDriver: chrome on WINDOWS (1630b048ec37049f3a5c2c81dbb0405b)] -> xpath: //div [@class='inventory_item']], [[ChromeDriver: chrome on WINDOWS (1630b048ec37049f3a5c2c81dbb0405b)] -> xpath: //div [@class='inventory_item']]]"},{"name":"expected","value":"8"}],"start":1660918457928,"stop":1660918458086}],"attachments":[{"name":"Page Screen-Shot","source":"57333b82-11ea-45f5-a018-73fc184888c9-attachment","type":"image/png"}],"parameters":[],"start":1660918457863,"stop":1660918459087}