{"uid":"1dea21985de4273a","name":"Test05 - Verifies Adding Product to Cart","fullName":"sanity.SaucedemoWeb.test05_addToCartAndVerify","historyId":"5d21016fa58dd357a6ec1daa9d789ea6","time":{"start":1661024257277,"stop":1661024257280,"duration":3},"description":"This test adds product to cart and verifies adding","descriptionHtml":"<p>This test adds product to cart and verifies adding</p>\n","status":"skipped","statusMessage":"Compound class names not permitted\nFor documentation on this error, please visit: https://selenium.dev/exceptions/#invalid_selector_exception\nBuild info: version: '4.3.0', revision: 'a4995e2c09*'\nSystem info: host: 'LAPTOP-US9BPS3T', ip: '192.168.1.92', os.name: 'Windows 10', os.arch: 'amd64', os.version: '10.0', java.version: '17.0.3.1'\nDriver info: driver.version: unknown","statusTrace":"org.openqa.selenium.InvalidSelectorException: Compound class names not permitted\nFor documentation on this error, please visit: https://selenium.dev/exceptions/#invalid_selector_exception\nBuild info: version: '4.3.0', revision: 'a4995e2c09*'\nSystem info: host: 'LAPTOP-US9BPS3T', ip: '192.168.1.92', os.name: 'Windows 10', os.arch: 'amd64', os.version: '10.0', java.version: '17.0.3.1'\nDriver info: driver.version: unknown\r\n\tat org.openqa.selenium.By$ByClassName.<init>(By.java:310)\r\n\tat org.openqa.selenium.By.className(By.java:100)\r\n\tat org.openqa.selenium.support.How$1.buildBy(How.java:26)\r\n\tat org.openqa.selenium.support.AbstractFindByBuilder.buildByFromLongFindBy(AbstractFindByBuilder.java:79)\r\n\tat org.openqa.selenium.support.FindBy$FindByBuilder.buildIt(FindBy.java:87)\r\n\tat org.openqa.selenium.support.pagefactory.Annotations.buildBy(Annotations.java:79)\r\n\tat org.openqa.selenium.support.pagefactory.DefaultElementLocator.<init>(DefaultElementLocator.java:58)\r\n\tat org.openqa.selenium.support.pagefactory.DefaultElementLocator.<init>(DefaultElementLocator.java:46)\r\n\tat org.openqa.selenium.support.pagefactory.DefaultElementLocatorFactory.createLocator(DefaultElementLocatorFactory.java:33)\r\n\tat org.openqa.selenium.support.pagefactory.DefaultFieldDecorator.decorate(DefaultFieldDecorator.java:57)\r\n\tat org.openqa.selenium.support.PageFactory.proxyFields(PageFactory.java:111)\r\n\tat org.openqa.selenium.support.PageFactory.initElements(PageFactory.java:103)\r\n\tat org.openqa.selenium.support.PageFactory.initElements(PageFactory.java:90)\r\n\tat org.openqa.selenium.support.PageFactory.initElements(PageFactory.java:78)\r\n\tat org.openqa.selenium.support.PageFactory.initElements(PageFactory.java:65)\r\n\tat utilities.ManagePages.initSaucedemo(ManagePages.java:8)\r\n\tat utilities.CommonOps.initBrowser(CommonOps.java:60)\r\n\tat utilities.CommonOps.startSession(CommonOps.java:89)\r\n\tat java.base/jdk.internal.reflect.NativeMethodAccessorImpl.invoke0(Native Method)\r\n\tat java.base/jdk.internal.reflect.NativeMethodAccessorImpl.invoke(NativeMethodAccessorImpl.java:77)\r\n\tat java.base/jdk.internal.reflect.DelegatingMethodAccessorImpl.invoke(DelegatingMethodAccessorImpl.java:43)\r\n\tat java.base/java.lang.reflect.Method.invoke(Method.java:568)\r\n\tat org.testng.internal.invokers.MethodInvocationHelper.invokeMethod(MethodInvocationHelper.java:139)\r\n\tat org.testng.internal.invokers.MethodInvocationHelper.invokeMethodConsideringTimeout(MethodInvocationHelper.java:69)\r\n\tat org.testng.internal.invokers.ConfigInvoker.invokeConfigurationMethod(ConfigInvoker.java:361)\r\n\tat org.testng.internal.invokers.ConfigInvoker.invokeConfigurations(ConfigInvoker.java:296)\r\n\tat org.testng.internal.invokers.TestMethodWorker.invokeBeforeClassMethods(TestMethodWorker.java:180)\r\n\tat org.testng.internal.invokers.TestMethodWorker.run(TestMethodWorker.java:122)\r\n\tat java.base/java.util.ArrayList.forEach(ArrayList.java:1511)\r\n\tat org.testng.TestRunner.privateRun(TestRunner.java:806)\r\n\tat org.testng.TestRunner.run(TestRunner.java:601)\r\n\tat org.testng.SuiteRunner.runTest(SuiteRunner.java:433)\r\n\tat org.testng.SuiteRunner.runSequentially(SuiteRunner.java:427)\r\n\tat org.testng.SuiteRunner.privateRun(SuiteRunner.java:387)\r\n\tat org.testng.SuiteRunner.run(SuiteRunner.java:330)\r\n\tat org.testng.SuiteRunnerWorker.runSuite(SuiteRunnerWorker.java:52)\r\n\tat org.testng.SuiteRunnerWorker.run(SuiteRunnerWorker.java:95)\r\n\tat org.testng.TestNG.runSuitesSequentially(TestNG.java:1256)\r\n\tat org.testng.TestNG.runSuitesLocally(TestNG.java:1176)\r\n\tat org.testng.TestNG.runSuites(TestNG.java:1099)\r\n\tat org.testng.TestNG.run(TestNG.java:1067)\r\n\tat com.intellij.rt.testng.IDEARemoteTestNG.run(IDEARemoteTestNG.java:66)\r\n\tat com.intellij.rt.testng.RemoteTestNGStarter.main(RemoteTestNGStarter.java:109)\r\n","flaky":false,"newFailed":false,"newBroken":false,"newPassed":false,"retriesCount":0,"retriesStatusChange":false,"beforeStages":[{"name":"startSession","time":{"start":1661024248458,"stop":1661024256660,"duration":8202},"description":"","status":"broken","statusMessage":"Compound class names not permitted\nFor documentation on this error, please visit: https://selenium.dev/exceptions/#invalid_selector_exception\nBuild info: version: '4.3.0', revision: 'a4995e2c09*'\nSystem info: host: 'LAPTOP-US9BPS3T', ip: '192.168.1.92', os.name: 'Windows 10', os.arch: 'amd64', os.version: '10.0', java.version: '17.0.3.1'\nDriver info: driver.version: unknown","statusTrace":"org.openqa.selenium.InvalidSelectorException: Compound class names not permitted\nFor documentation on this error, please visit: https://selenium.dev/exceptions/#invalid_selector_exception\nBuild info: version: '4.3.0', revision: 'a4995e2c09*'\nSystem info: host: 'LAPTOP-US9BPS3T', ip: '192.168.1.92', os.name: 'Windows 10', os.arch: 'amd64', os.version: '10.0', java.version: '17.0.3.1'\nDriver info: driver.version: unknown\r\n\tat org.openqa.selenium.By$ByClassName.<init>(By.java:310)\r\n\tat org.openqa.selenium.By.className(By.java:100)\r\n\tat org.openqa.selenium.support.How$1.buildBy(How.java:26)\r\n\tat org.openqa.selenium.support.AbstractFindByBuilder.buildByFromLongFindBy(AbstractFindByBuilder.java:79)\r\n\tat org.openqa.selenium.support.FindBy$FindByBuilder.buildIt(FindBy.java:87)\r\n\tat org.openqa.selenium.support.pagefactory.Annotations.buildBy(Annotations.java:79)\r\n\tat org.openqa.selenium.support.pagefactory.DefaultElementLocator.<init>(DefaultElementLocator.java:58)\r\n\tat org.openqa.selenium.support.pagefactory.DefaultElementLocator.<init>(DefaultElementLocator.java:46)\r\n\tat org.openqa.selenium.support.pagefactory.DefaultElementLocatorFactory.createLocator(DefaultElementLocatorFactory.java:33)\r\n\tat org.openqa.selenium.support.pagefactory.DefaultFieldDecorator.decorate(DefaultFieldDecorator.java:57)\r\n\tat org.openqa.selenium.support.PageFactory.proxyFields(PageFactory.java:111)\r\n\tat org.openqa.selenium.support.PageFactory.initElements(PageFactory.java:103)\r\n\tat org.openqa.selenium.support.PageFactory.initElements(PageFactory.java:90)\r\n\tat org.openqa.selenium.support.PageFactory.initElements(PageFactory.java:78)\r\n\tat org.openqa.selenium.support.PageFactory.initElements(PageFactory.java:65)\r\n\tat utilities.ManagePages.initSaucedemo(ManagePages.java:8)\r\n\tat utilities.CommonOps.initBrowser(CommonOps.java:60)\r\n\tat utilities.CommonOps.startSession(CommonOps.java:89)\r\n\tat java.base/jdk.internal.reflect.NativeMethodAccessorImpl.invoke0(Native Method)\r\n\tat java.base/jdk.internal.reflect.NativeMethodAccessorImpl.invoke(NativeMethodAccessorImpl.java:77)\r\n\tat java.base/jdk.internal.reflect.DelegatingMethodAccessorImpl.invoke(DelegatingMethodAccessorImpl.java:43)\r\n\tat java.base/java.lang.reflect.Method.invoke(Method.java:568)\r\n\tat org.testng.internal.invokers.MethodInvocationHelper.invokeMethod(MethodInvocationHelper.java:139)\r\n\tat org.testng.internal.invokers.MethodInvocationHelper.invokeMethodConsideringTimeout(MethodInvocationHelper.java:69)\r\n\tat org.testng.internal.invokers.ConfigInvoker.invokeConfigurationMethod(ConfigInvoker.java:361)\r\n\tat org.testng.internal.invokers.ConfigInvoker.invokeConfigurations(ConfigInvoker.java:296)\r\n\tat org.testng.internal.invokers.TestMethodWorker.invokeBeforeClassMethods(TestMethodWorker.java:180)\r\n\tat org.testng.internal.invokers.TestMethodWorker.run(TestMethodWorker.java:122)\r\n\tat java.base/java.util.ArrayList.forEach(ArrayList.java:1511)\r\n\tat org.testng.TestRunner.privateRun(TestRunner.java:806)\r\n\tat org.testng.TestRunner.run(TestRunner.java:601)\r\n\tat org.testng.SuiteRunner.runTest(SuiteRunner.java:433)\r\n\tat org.testng.SuiteRunner.runSequentially(SuiteRunner.java:427)\r\n\tat org.testng.SuiteRunner.privateRun(SuiteRunner.java:387)\r\n\tat org.testng.SuiteRunner.run(SuiteRunner.java:330)\r\n\tat org.testng.SuiteRunnerWorker.runSuite(SuiteRunnerWorker.java:52)\r\n\tat org.testng.SuiteRunnerWorker.run(SuiteRunnerWorker.java:95)\r\n\tat org.testng.TestNG.runSuitesSequentially(TestNG.java:1256)\r\n\tat org.testng.TestNG.runSuitesLocally(TestNG.java:1176)\r\n\tat org.testng.TestNG.runSuites(TestNG.java:1099)\r\n\tat org.testng.TestNG.run(TestNG.java:1067)\r\n\tat com.intellij.rt.testng.IDEARemoteTestNG.run(IDEARemoteTestNG.java:66)\r\n\tat com.intellij.rt.testng.RemoteTestNGStarter.main(RemoteTestNGStarter.java:109)\r\n","steps":[],"attachments":[],"parameters":[],"attachmentsCount":0,"shouldDisplayMessage":true,"hasContent":true,"stepsCount":0},{"name":"beforeMethod","time":{"start":1661024257252,"stop":1661024257252,"duration":0},"description":"","status":"broken","steps":[],"attachments":[],"parameters":[],"attachmentsCount":0,"shouldDisplayMessage":false,"hasContent":false,"stepsCount":0}],"afterStages":[{"name":"closeSession","time":{"start":1661024257575,"stop":1661024257575,"duration":0},"description":"","status":"broken","steps":[],"attachments":[],"parameters":[],"attachmentsCount":0,"shouldDisplayMessage":false,"hasContent":false,"stepsCount":0}],"labels":[{"name":"package","value":"sanity.SaucedemoWeb"},{"name":"testClass","value":"sanity.SaucedemoWeb"},{"name":"testMethod","value":"test05_addToCartAndVerify"},{"name":"parentSuite","value":"Suite Web Testing"},{"name":"suite","value":"Web Testing Saucedemo"},{"name":"subSuite","value":"sanity.SaucedemoWeb"},{"name":"host","value":"LAPTOP-US9BPS3T"},{"name":"thread","value":"10844@LAPTOP-US9BPS3T.main(1)"},{"name":"framework","value":"testng"},{"name":"language","value":"java"},{"name":"resultFormat","value":"allure2"}],"parameters":[{"name":"PlatformName","value":"web"}],"links":[],"hidden":true,"retry":true,"extra":{"categories":[],"tags":[]},"source":"1dea21985de4273a.json","parameterValues":["web"]}